\BOOKMARK [1][-]{section.1}{\376\377\000F\000o\000u\000n\000d\000a\000t\000i\000o\000n\000s\000\040\000o\000f\000\040\000I\000n\000f\000o\000r\000m\000a\000t\000i\000o\000n\000\040\000V\000i\000s\000u\000a\000l\000i\000z\000a\000t\000i\000o\000n}{}% 1
\BOOKMARK [2][-]{subsection.1.1}{\376\377\000W\000h\000a\000t\000\040\000i\000s\000\040\000I\000n\000f\000o\000r\000m\000a\000t\000i\000o\000n\000\040\000V\000i\000s\000u\000a\000l\000i\000z\000a\000t\000i\000o\000n\000?}{section.1}% 2
\BOOKMARK [3][-]{subsubsection.1.1.1}{\376\377\000W\000h\000a\000t\000\040\040\023\000\040\000W\000h\000y\000\040\040\023\000\040\000H\000o\000w}{subsection.1.1}% 3
\BOOKMARK [2][-]{subsection.1.2}{\376\377\000H\000i\000g\000h\000-\000L\000e\000v\000e\000l\000\040\000G\000o\000a\000l\000s\000:\000\040\000E\000x\000p\000l\000o\000r\000a\000t\000i\000o\000n\000,\000\040\000C\000o\000n\000f\000i\000r\000m\000a\000t\000i\000o\000n\000,\000\040\000P\000r\000e\000s\000e\000n\000t\000a\000t\000i\000o\000n}{section.1}% 4
\BOOKMARK [2][-]{subsection.1.3}{\376\377\000T\000h\000e\000\040\000I\000n\000f\000o\000V\000i\000s\000\040\000R\000e\000f\000e\000r\000e\000n\000c\000e\000\040\000M\000o\000d\000e\000l\000\040\000\050\000P\000i\000p\000e\000l\000i\000n\000e\000\051}{section.1}% 5
\BOOKMARK [2][-]{subsection.1.4}{\376\377\000M\000u\000n\000z\000n\000e\000r\000'\000s\000\040\000W\000h\000a\000t\040\023\000W\000h\000y\040\023\000H\000o\000w\000\040\000A\000n\000a\000l\000y\000s\000i\000s\000\040\000F\000r\000a\000m\000e\000w\000o\000r\000k}{section.1}% 6
\BOOKMARK [2][-]{subsection.1.5}{\376\377\000H\000u\000m\000a\000n\000-\000i\000n\000-\000t\000h\000e\000-\000L\000o\000o\000p\000\040\000v\000s\000\040\000P\000u\000r\000e\000\040\000A\000u\000t\000o\000m\000a\000t\000i\000o\000n}{section.1}% 7
\BOOKMARK [2][-]{subsection.1.6}{\376\377\000R\000e\000s\000o\000u\000r\000c\000e\000\040\000L\000i\000m\000i\000t\000a\000t\000i\000o\000n\000s}{section.1}% 8
\BOOKMARK [2][-]{subsection.1.7}{\376\377\000V\000i\000s\000u\000a\000l\000i\000z\000a\000t\000i\000o\000n\000\040\000D\000i\000s\000c\000i\000p\000l\000i\000n\000e\000s\000\040\000a\000n\000d\000\040\000t\000h\000e\000\040\000D\000e\000s\000i\000g\000n\000\040\000T\000r\000i\000a\000n\000g\000l\000e}{section.1}% 9
\BOOKMARK [1][-]{section.2}{\376\377\000D\000a\000t\000a\000\040\000A\000b\000s\000t\000r\000a\000c\000t\000i\000o\000n}{}% 10
\BOOKMARK [2][-]{subsection.2.1}{\376\377\000S\000e\000m\000a\000n\000t\000i\000c\000s\000\040\000v\000s\000\040\000T\000y\000p\000e}{section.2}% 11
\BOOKMARK [2][-]{subsection.2.2}{\376\377\000T\000h\000e\000\040\000F\000i\000v\000e\000\040\000D\000a\000t\000a\000\040\000T\000y\000p\000e\000s}{section.2}% 12
\BOOKMARK [2][-]{subsection.2.3}{\376\377\000T\000h\000e\000\040\000F\000o\000u\000r\000\040\000D\000a\000t\000a\000s\000e\000t\000\040\000T\000y\000p\000e\000s\000\040\000\050\000+\000\040\000C\000l\000u\000s\000t\000e\000r\000s\000/\000S\000e\000t\000s\000/\000L\000i\000s\000t\000s\000\051}{section.2}% 13
\BOOKMARK [2][-]{subsection.2.4}{\376\377\000G\000r\000i\000d\000\040\000T\000y\000p\000e\000s\000\040\000\050\000f\000o\000r\000\040\000f\000i\000e\000l\000d\000s\000\051}{section.2}% 14
\BOOKMARK [2][-]{subsection.2.5}{\376\377\000A\000t\000t\000r\000i\000b\000u\000t\000e\000\040\000T\000y\000p\000e\000s}{section.2}% 15
\BOOKMARK [3][-]{subsubsection.2.5.1}{\376\377\000O\000r\000d\000e\000r\000i\000n\000g\000\040\000D\000i\000r\000e\000c\000t\000i\000o\000n\000\040\000\050\000f\000o\000r\000\040\000o\000r\000d\000e\000r\000e\000d\000\040\000a\000t\000t\000r\000i\000b\000u\000t\000e\000s\000\051}{subsection.2.5}% 16
\BOOKMARK [2][-]{subsection.2.6}{\376\377\000K\000e\000y\000s\000\040\000v\000s\000\040\000V\000a\000l\000u\000e\000s\000;\000\040\000F\000l\000a\000t\000\040\000v\000s\000\040\000M\000u\000l\000t\000i\000d\000i\000m\000e\000n\000s\000i\000o\000n\000a\000l\000\040\000T\000a\000b\000l\000e\000s}{section.2}% 17
\BOOKMARK [2][-]{subsection.2.7}{\376\377\000T\000e\000m\000p\000o\000r\000a\000l\000\040\000a\000n\000d\000\040\000T\000i\000m\000e\000-\000V\000a\000r\000y\000i\000n\000g\000\040\000S\000e\000m\000a\000n\000t\000i\000c\000s}{section.2}% 18
\BOOKMARK [2][-]{subsection.2.8}{\376\377\000D\000a\000t\000a\000s\000e\000t\000\040\000A\000v\000a\000i\000l\000a\000b\000i\000l\000i\000t\000y\000:\000\040\000S\000t\000a\000t\000i\000c\000\040\000v\000s\000\040\000D\000y\000n\000a\000m\000i\000c\000/\000S\000t\000r\000e\000a\000m\000i\000n\000g}{section.2}% 19
\BOOKMARK [2][-]{subsection.2.9}{\376\377\000R\000a\000w\000\040\000D\000a\000t\000a\000\040\000I\000s\000s\000u\000e\000s\000\040\000i\000n\000\040\000D\000a\000t\000a\000\040\000T\000a\000b\000l\000e\000s\000\040\000\050\000e\000x\000a\000m\000\040\000`\000`\000L\000i\000s\000t\000'\000'\000\040\000t\000o\000p\000i\000c\000\051}{section.2}% 20
\BOOKMARK [1][-]{section.3}{\376\377\000V\000i\000s\000u\000a\000l\000\040\000E\000n\000c\000o\000d\000i\000n\000g\000:\000\040\000M\000a\000r\000k\000s\000\040\000a\000n\000d\000\040\000C\000h\000a\000n\000n\000e\000l\000s}{}% 21
\BOOKMARK [2][-]{subsection.3.1}{\376\377\000M\000a\000r\000k\000s}{section.3}% 22
\BOOKMARK [2][-]{subsection.3.2}{\376\377\000C\000h\000a\000n\000n\000e\000l\000s\000\040\000a\000n\000d\000\040\000t\000h\000e\000\040\000m\000a\000g\000n\000i\000t\000u\000d\000e\000\040\000v\000s\000.\000\040\000i\000d\000e\000n\000t\000i\000t\000y\000\040\000s\000p\000l\000i\000t}{section.3}% 23
\BOOKMARK [2][-]{subsection.3.3}{\376\377\000T\000h\000e\000\040\000t\000w\000o\000\040\000g\000u\000i\000d\000i\000n\000g\000\040\000p\000r\000i\000n\000c\000i\000p\000l\000e\000s}{section.3}% 24
\BOOKMARK [2][-]{subsection.3.4}{\376\377\000C\000h\000a\000n\000n\000e\000l\000\040\000e\000f\000f\000e\000c\000t\000i\000v\000e\000n\000e\000s\000s\000\040\000r\000a\000n\000k\000i\000n\000g\000s}{section.3}% 25
\BOOKMARK [2][-]{subsection.3.5}{\376\377\000A\000c\000c\000u\000r\000a\000c\000y\000:\000\040\000C\000l\000e\000v\000e\000l\000a\000n\000d\000\040\000\046\000\040\000M\000c\000G\000i\000l\000l\000\040\000a\000n\000d\000\040\000S\000t\000e\000v\000e\000n\000s}{section.3}% 26
\BOOKMARK [2][-]{subsection.3.6}{\376\377\000C\000h\000a\000n\000n\000e\000l\000\040\000c\000h\000a\000r\000a\000c\000t\000e\000r\000i\000s\000t\000i\000c\000s}{section.3}% 27
\BOOKMARK [2][-]{subsection.3.7}{\376\377\000C\000h\000a\000n\000n\000e\000l\000\040\000i\000n\000t\000e\000r\000f\000e\000r\000e\000n\000c\000e\000\040\000\046\000\040\000r\000e\000d\000u\000n\000d\000a\000n\000t\000\040\000e\000n\000c\000o\000d\000i\000n\000g}{section.3}% 28
\BOOKMARK [1][-]{section.4}{\376\377\000P\000e\000r\000c\000e\000p\000t\000i\000o\000n\000\040\000a\000n\000d\000\040\000C\000o\000l\000o\000r}{}% 29
\BOOKMARK [2][-]{subsection.4.1}{\376\377\000T\000h\000e\000\040\000H\000u\000m\000a\000n\000\040\000V\000i\000s\000u\000a\000l\000\040\000S\000y\000s\000t\000e\000m}{section.4}% 30
\BOOKMARK [3][-]{subsubsection.4.1.1}{\376\377\000E\000y\000e\000,\000\040\000r\000e\000t\000i\000n\000a\000,\000\040\000r\000o\000d\000s\000\040\000a\000n\000d\000\040\000c\000o\000n\000e\000s}{subsection.4.1}% 31
\BOOKMARK [3][-]{subsubsection.4.1.2}{\376\377\000F\000o\000v\000e\000a\000\040\000a\000n\000d\000\040\000a\000c\000u\000i\000t\000y}{subsection.4.1}% 32
\BOOKMARK [3][-]{subsubsection.4.1.3}{\376\377\000F\000i\000x\000a\000t\000i\000o\000n\000s\000\040\000a\000n\000d\000\040\000s\000a\000c\000c\000a\000d\000e\000s}{subsection.4.1}% 33
\BOOKMARK [3][-]{subsubsection.4.1.4}{\376\377\000V\000i\000s\000u\000a\000l\000\040\000c\000o\000r\000t\000e\000x\000\040\000\050\000i\000t\000'\000s\000\040\000c\000o\000m\000p\000l\000i\000c\000a\000t\000e\000d\000\051}{subsection.4.1}% 34
\BOOKMARK [2][-]{subsection.4.2}{\376\377\000P\000r\000e\000a\000t\000t\000e\000n\000t\000i\000v\000e\000\040\000P\000r\000o\000c\000e\000s\000s\000i\000n\000g\000\040\000a\000n\000d\000\040\000P\000o\000p\000o\000u\000t}{section.4}% 35
\BOOKMARK [2][-]{subsection.4.3}{\376\377\000G\000e\000s\000t\000a\000l\000t\000\040\000L\000a\000w\000s\000\040\000o\000f\000\040\000G\000r\000o\000u\000p\000i\000n\000g}{section.4}% 36
\BOOKMARK [2][-]{subsection.4.4}{\376\377\000W\000e\000b\000e\000r\000'\000s\000\040\000L\000a\000w\000\040\000a\000n\000d\000\040\000t\000h\000e\000\040\000J\000u\000s\000t\000\040\000N\000o\000t\000i\000c\000e\000a\000b\000l\000e\000\040\000D\000i\000f\000f\000e\000r\000e\000n\000c\000e}{section.4}% 37
\BOOKMARK [3][-]{subsubsection.4.4.1}{\376\377\000J\000N\000D}{subsection.4.4}% 38
\BOOKMARK [3][-]{subsubsection.4.4.2}{\376\377\000W\000e\000b\000e\000r\000'\000s\000\040\000l\000a\000w}{subsection.4.4}% 39
\BOOKMARK [2][-]{subsection.4.5}{\376\377\000C\000o\000l\000o\000r}{section.4}% 40
\BOOKMARK [3][-]{subsubsection.4.5.1}{\376\377\000C\000o\000l\000o\000r\000\040\000i\000s\000\040\000t\000h\000r\000e\000e\000\040\000c\000h\000a\000n\000n\000e\000l\000s}{subsection.4.5}% 41
\BOOKMARK [3][-]{subsubsection.4.5.2}{\376\377\000O\000p\000p\000o\000n\000e\000n\000t\000\040\000c\000o\000l\000o\000r\000\040\000t\000h\000e\000o\000r\000y}{subsection.4.5}% 42
\BOOKMARK [3][-]{subsubsection.4.5.3}{\376\377\000C\000o\000l\000o\000r\000m\000a\000p\000\040\000t\000y\000p\000e\000s\000\040\000a\000n\000d\000\040\000w\000h\000e\000n\000\040\000t\000o\000\040\000u\000s\000e\000\040\000e\000a\000c\000h}{subsection.4.5}% 43
\BOOKMARK [3][-]{subsubsection.4.5.4}{\376\377\000T\000h\000e\000\040\000r\000a\000i\000n\000b\000o\000w\000\040\000/\000\040\000j\000e\000t\000\040\000c\000o\000l\000o\000r\000m\000a\000p\000\040\000p\000r\000o\000b\000l\000e\000m}{subsection.4.5}% 44
\BOOKMARK [3][-]{subsubsection.4.5.5}{\376\377\000P\000e\000r\000c\000e\000p\000t\000u\000a\000l\000l\000y\000\040\000u\000n\000i\000f\000o\000r\000m\000\040\000m\000a\000p\000s\000\040\000\050\000v\000i\000r\000i\000d\000i\000s\000\051}{subsection.4.5}% 45
\BOOKMARK [1][-]{section.5}{\376\377\000D\000e\000s\000i\000g\000n\000\040\000P\000r\000i\000n\000c\000i\000p\000l\000e\000s\000\040\000a\000n\000d\000\040\000V\000i\000s\000u\000a\000l\000i\000z\000a\000t\000i\000o\000n\000\040\000C\000r\000i\000t\000i\000q\000u\000e}{}% 46
\BOOKMARK [2][-]{subsection.5.1}{\376\377\000D\000a\000t\000a\040\023\000I\000n\000k\000\040\000R\000a\000t\000i\000o\000\040\000a\000n\000d\000\040\000C\000h\000a\000r\000t\000j\000u\000n\000k\000\040\000\050\000T\000u\000f\000t\000e\000\051}{section.5}% 47
\BOOKMARK [2][-]{subsection.5.2}{\376\377\000T\000h\000e\000\040\000L\000i\000e\000\040\000F\000a\000c\000t\000o\000r\000\040\000\050\000g\000r\000a\000p\000h\000i\000c\000a\000l\000\040\000i\000n\000t\000e\000g\000r\000i\000t\000y\000\051}{section.5}% 48
\BOOKMARK [2][-]{subsection.5.3}{\376\377\000O\000v\000e\000r\000-\000C\000o\000u\000n\000t\000i\000n\000g\000\040\000v\000i\000a\000\040\000A\000r\000e\000a\000\040\000\050\0001\000D\000\040\000v\000a\000l\000u\000e\000\040\000a\000s\000\040\0002\000D\000\040\000s\000i\000z\000e\000\051}{section.5}% 49
\BOOKMARK [2][-]{subsection.5.4}{\376\377\000O\000r\000d\000e\000r\000i\000n\000g\000\040\000o\000f\000\040\000B\000a\000r\000s\000,\000\040\000A\000x\000e\000s\000\040\000a\000n\000d\000\040\000C\000a\000t\000e\000g\000o\000r\000i\000e\000s}{section.5}% 50
\BOOKMARK [2][-]{subsection.5.5}{\376\377\000E\000x\000p\000r\000e\000s\000s\000i\000v\000e\000n\000e\000s\000s\000\040\000V\000i\000o\000l\000a\000t\000i\000o\000n\000s}{section.5}% 51
\BOOKMARK [2][-]{subsection.5.6}{\376\377\000E\000f\000f\000e\000c\000t\000i\000v\000e\000n\000e\000s\000s\000,\000\040\000S\000t\000e\000v\000e\000n\000s\000'\000\040\000P\000o\000w\000e\000r\000\040\000L\000a\000w\000\040\000a\000n\000d\000\040\000t\000h\000e\000\040\000C\000h\000a\000n\000n\000e\000l\000\040\000R\000a\000n\000k\000i\000n\000g}{section.5}% 52
\BOOKMARK [2][-]{subsection.5.7}{\376\377\000C\000h\000a\000n\000n\000e\000l\000\040\000I\000n\000t\000e\000r\000f\000e\000r\000e\000n\000c\000e\000\040\000\050\000s\000e\000p\000a\000r\000a\000b\000l\000e\000\040\000v\000s\000.\000\040\000i\000n\000t\000e\000g\000r\000a\000l\000\051}{section.5}% 53
\BOOKMARK [2][-]{subsection.5.8}{\376\377\000E\000y\000e\000s\000\040\000B\000e\000a\000t\000\040\000M\000e\000m\000o\000r\000y\000:\000\040\000J\000u\000x\000t\000a\000p\000o\000s\000i\000t\000i\000o\000n\000\040\000v\000s\000.\000\040\000A\000n\000i\000m\000a\000t\000i\000o\000n}{section.5}% 54
\BOOKMARK [2][-]{subsection.5.9}{\376\377\000P\000r\000o\000b\000l\000e\000m\000s\000\040\000w\000i\000t\000h\000\040\0003\000D}{section.5}% 55
\BOOKMARK [2][-]{subsection.5.10}{\376\377\000F\000u\000n\000c\000t\000i\000o\000n\000\040\000B\000e\000f\000o\000r\000e\000\040\000F\000o\000r\000m}{section.5}% 56
\BOOKMARK [2][-]{subsection.5.11}{\376\377\000T\000h\000e\000\040\000C\000r\000i\000t\000i\000q\000u\000e\000\040\000C\000h\000e\000c\000k\000l\000i\000s\000t\000\040\000\050\000u\000s\000e\000\040\000o\000n\000\040\000a\000n\000y\000\040\000c\000h\000a\000r\000t\000\051}{section.5}% 57
\BOOKMARK [2][-]{subsection.5.12}{\376\377\000W\000o\000r\000k\000e\000d\000\040\000C\000r\000i\000t\000i\000q\000u\000e\000\040\0001\000:\000\040\000R\000a\000i\000n\000b\000o\000w\000\040\000C\000h\000o\000r\000o\000p\000l\000e\000t\000h\000\040\000\050\000T\000e\000x\000a\000s\000\040\000m\000a\000p\000\051}{section.5}% 58
\BOOKMARK [2][-]{subsection.5.13}{\376\377\000W\000o\000r\000k\000e\000d\000\040\000C\000r\000i\000t\000i\000q\000u\000e\000\040\0002\000:\000\040\000A\000r\000e\000a\000-\000E\000n\000c\000o\000d\000e\000d\000\040\000C\000i\000r\000c\000l\000e\000s}{section.5}% 59
\BOOKMARK [1][-]{section.6}{\376\377\000T\000a\000s\000k\000s\000\040\000a\000n\000d\000\040\000I\000n\000t\000e\000r\000a\000c\000t\000i\000o\000n}{}% 60
\BOOKMARK [2][-]{subsection.6.1}{\376\377\000T\000a\000s\000k\000\040\000A\000b\000s\000t\000r\000a\000c\000t\000i\000o\000n\000:\000\040\000A\000c\000t\000i\000o\000n\000s\000\040\000\050\000M\000u\000n\000z\000n\000e\000r\000\040\000c\000h\000.\000\040\0003\000\051}{section.6}% 61
\BOOKMARK [3][-]{subsubsection.6.1.1}{\376\377\000H\000i\000g\000h\000\040\000l\000e\000v\000e\000l\000\040\040\023\000\040\000A\000n\000a\000l\000y\000z\000e\000\040\000\050\000c\000o\000n\000s\000u\000m\000e\000\040\000v\000s\000.\000\040\000p\000r\000o\000d\000u\000c\000e\000\051}{subsection.6.1}% 62
\BOOKMARK [3][-]{subsubsection.6.1.2}{\376\377\000M\000i\000d\000\040\000l\000e\000v\000e\000l\000\040\040\023\000\040\000S\000e\000a\000r\000c\000h\000\040\000\050\000a\000\040\0002\0002\000\040\000o\000f\000\040\000k\000n\000o\000w\000n\000/\000u\000n\000k\000n\000o\000w\000n\000\051}{subsection.6.1}% 63
\BOOKMARK [3][-]{subsubsection.6.1.3}{\376\377\000L\000o\000w\000\040\000l\000e\000v\000e\000l\000\040\040\023\000\040\000Q\000u\000e\000r\000y\000\040\000\050\000s\000c\000o\000p\000e\000:\000\040\000o\000n\000e\000\040\000/\000\040\000s\000o\000m\000e\000\040\000/\000\040\000a\000l\000l\000\051}{subsection.6.1}% 64
\BOOKMARK [2][-]{subsection.6.2}{\376\377\000T\000a\000s\000k\000\040\000A\000b\000s\000t\000r\000a\000c\000t\000i\000o\000n\000:\000\040\000T\000a\000r\000g\000e\000t\000s}{section.6}% 65
\BOOKMARK [2][-]{subsection.6.3}{\376\377\000I\000n\000t\000e\000r\000a\000c\000t\000i\000o\000n\000\040\000T\000e\000c\000h\000n\000i\000q\000u\000e\000s}{section.6}% 66
\BOOKMARK [3][-]{subsubsection.6.3.1}{\376\377\000S\000h\000n\000e\000i\000d\000e\000r\000m\000a\000n\000'\000s\000\040\000V\000i\000s\000u\000a\000l\000\040\000I\000n\000f\000o\000r\000m\000a\000t\000i\000o\000n\000-\000S\000e\000e\000k\000i\000n\000g\000\040\000M\000a\000n\000t\000r\000a}{subsection.6.3}% 67
\BOOKMARK [3][-]{subsubsection.6.3.2}{\376\377\000Z\000o\000o\000m\000:\000\040\000g\000e\000o\000m\000e\000t\000r\000i\000c\000\040\000v\000s\000.\000\040\000s\000e\000m\000a\000n\000t\000i\000c\000;\000\040\000p\000a\000n}{subsection.6.3}% 68
\BOOKMARK [3][-]{subsubsection.6.3.3}{\376\377\000O\000v\000e\000r\000v\000i\000e\000w\000+\000D\000e\000t\000a\000i\000l\000\040\000v\000s\000.\000\040\000F\000o\000c\000u\000s\000+\000C\000o\000n\000t\000e\000x\000t}{subsection.6.3}% 69
\BOOKMARK [3][-]{subsubsection.6.3.4}{\376\377\000R\000e\000s\000p\000o\000n\000s\000e\000-\000t\000i\000m\000e\000\040\000b\000u\000d\000g\000e\000t}{subsection.6.3}% 70
\BOOKMARK [3][-]{subsubsection.6.3.5}{\376\377\000S\000e\000v\000e\000n\000\040\000c\000a\000t\000e\000g\000o\000r\000i\000e\000s\000\040\000o\000f\000\040\000i\000n\000t\000e\000r\000a\000c\000t\000i\000o\000n\000\040\000\050\000Y\000i\000\040\000e\000t\000\040\000a\000l\000.\000\040\0002\0000\0000\0007\000\051}{subsection.6.3}% 71
\BOOKMARK [2][-]{subsection.6.4}{\376\377\000L\000i\000n\000k\000e\000d\000\040\000V\000i\000e\000w\000s\000\040\000/\000\040\000C\000o\000o\000r\000d\000i\000n\000a\000t\000e\000d\000\040\000M\000u\000l\000t\000i\000p\000l\000e\000\040\000V\000i\000e\000w\000s\000\040\000\050\000C\000M\000V\000\051}{section.6}% 72
\BOOKMARK [2][-]{subsection.6.5}{\376\377\000H\000i\000g\000h\000-\000D\000i\000m\000e\000n\000s\000i\000o\000n\000a\000l\000\040\000B\000r\000u\000s\000h\000i\000n\000g\000\040\000\050\000W\000a\000r\000d\000,\000\040\000X\000m\000d\000v\000T\000o\000o\000l\000\051}{section.6}% 73
\BOOKMARK [2][-]{subsection.6.6}{\376\377\000Q\000u\000a\000n\000t\000i\000t\000a\000t\000i\000v\000e\000\040\000V\000i\000s\000u\000a\000l\000\040\000A\000n\000a\000l\000y\000t\000i\000c\000s\000\040\000\050\000R\000a\000d\000o\001\141\000\040\000e\000t\000\040\000a\000l\000.\000\040\0002\0000\0001\0006\000\051}{section.6}% 74
\BOOKMARK [1][-]{section.7}{\376\377\000H\000i\000g\000h\000-\000D\000i\000m\000e\000n\000s\000i\000o\000n\000a\000l\000\040\000D\000a\000t\000a\000\040\000V\000i\000s\000u\000a\000l\000i\000z\000a\000t\000i\000o\000n}{}% 75
\BOOKMARK [2][-]{subsection.7.1}{\376\377\000C\000u\000r\000s\000e\000\040\000o\000f\000\040\000D\000i\000m\000e\000n\000s\000i\000o\000n\000a\000l\000i\000t\000y\000\040\000\050\000G\000i\000r\000a\000u\000d\000\051}{section.7}% 76
\BOOKMARK [2][-]{subsection.7.2}{\376\377\000F\000e\000a\000t\000u\000r\000e\000\040\000S\000e\000l\000e\000c\000t\000i\000o\000n\000\040\000v\000s\000.\000\040\000F\000e\000a\000t\000u\000r\000e\000\040\000E\000x\000t\000r\000a\000c\000t\000i\000o\000n\000\040\000\050\000G\000h\000o\000j\000o\000g\000h\000\051}{section.7}% 77
\BOOKMARK [2][-]{subsection.7.3}{\376\377\000V\000i\000s\000u\000a\000l\000\040\000M\000e\000t\000h\000o\000d\000s\000\040\000f\000o\000r\000\040\000M\000u\000l\000t\000i\000v\000a\000r\000i\000a\000t\000e\000\040\000T\000a\000b\000u\000l\000a\000r\000\040\000D\000a\000t\000a}{section.7}% 78
\BOOKMARK [2][-]{subsection.7.4}{\376\377\000R\000a\000n\000k\000i\000n\000g\000\040\000V\000i\000e\000w\000s\000:\000\040\000S\000c\000a\000g\000n\000o\000s\000t\000i\000c\000s\000\040\000\046\000\040\000C\000l\000a\000s\000s\000\040\000C\000o\000n\000s\000i\000s\000t\000e\000n\000c\000y}{section.7}% 79
\BOOKMARK [2][-]{subsection.7.5}{\376\377\000D\000i\000m\000e\000n\000s\000i\000o\000n\000a\000l\000i\000t\000y\000\040\000R\000e\000d\000u\000c\000t\000i\000o\000n\000\040\000F\000a\000c\000t\000-\000S\000h\000e\000e\000t\000s}{section.7}% 80
\BOOKMARK [3][-]{subsubsection.7.5.1}{\376\377\000C\000o\000m\000p\000a\000r\000i\000s\000o\000n\000\040\000T\000a\000b\000l\000e\000:\000\040\000P\000C\000A\000\040\000v\000s\000\040\000M\000D\000S\000\040\000v\000s\000\040\000t\000-\000S\000N\000E\000\040\000v\000s\000\040\000U\000M\000A\000P}{subsection.7.5}% 81
\BOOKMARK [1][-]{section.8}{\376\377\000S\000c\000a\000l\000a\000b\000l\000e\000\040\000I\000n\000f\000o\000r\000m\000a\000t\000i\000o\000n\000\040\000V\000i\000s\000u\000a\000l\000i\000z\000a\000t\000i\000o\000n\000\040\000\046\000\040\000B\000i\000g\000\040\000D\000a\000t\000a}{}% 82
\BOOKMARK [2][-]{subsection.8.1}{\376\377\000F\000a\000c\000t\000o\000r\000s\000\040\000A\000f\000f\000e\000c\000t\000i\000n\000g\000\040\000\050\000V\000i\000s\000u\000a\000l\000\051\000\040\000S\000c\000a\000l\000a\000b\000i\000l\000i\000t\000y}{section.8}% 83
\BOOKMARK [2][-]{subsection.8.2}{\376\377\000O\000v\000e\000r\000p\000l\000o\000t\000t\000i\000n\000g\000:\000\040\000S\000i\000m\000p\000l\000e\000\040\000S\000o\000l\000u\000t\000i\000o\000n\000s\000\040\000v\000s\000.\000\040\000P\000r\000e\000p\000r\000o\000c\000e\000s\000s\000i\000n\000g}{section.8}% 84
\BOOKMARK [2][-]{subsection.8.3}{\376\377\000A\000g\000g\000r\000e\000g\000a\000t\000i\000o\000n\000\040\000\046\000\040\000D\000e\000n\000s\000i\000t\000y\000:\000\040\000S\000c\000a\000l\000a\000b\000l\000e\000\040\000E\000n\000c\000o\000d\000i\000n\000g\000s}{section.8}% 85
\BOOKMARK [2][-]{subsection.8.4}{\376\377\000D\000a\000t\000a\000\040\000C\000u\000b\000e\000s\000\040\000/\000\040\000M\000u\000l\000t\000i\000-\000D\000i\000m\000e\000n\000s\000i\000o\000n\000a\000l\000\040\000T\000a\000b\000l\000e\000s\000\040\000\050\000O\000L\000A\000P\000\051}{section.8}% 86
\BOOKMARK [2][-]{subsection.8.5}{\376\377\000R\000e\000d\000u\000c\000i\000n\000g\000\040\000P\000r\000o\000c\000e\000s\000s\000i\000n\000g\000\040\000\046\000\040\000R\000e\000n\000d\000e\000r\000i\000n\000g\000\040\000L\000a\000t\000e\000n\000c\000y}{section.8}% 87
\BOOKMARK [2][-]{subsection.8.6}{\376\377\000R\000e\000d\000u\000c\000e\000\040\000S\000t\000r\000a\000t\000e\000g\000y\000\040\000\050\000M\000u\000n\000z\000n\000e\000r\000\040\000c\000h\000.\000\040\0001\0003\000\051}{section.8}% 88
\BOOKMARK [2][-]{subsection.8.7}{\376\377\000I\000n\000t\000e\000r\000a\000c\000t\000i\000v\000e\000\040\000E\000x\000p\000l\000o\000r\000a\000t\000i\000o\000n\000:\000\040\000S\000h\000n\000e\000i\000d\000e\000r\000m\000a\000n\000'\000s\000\040\000M\000a\000n\000t\000r\000a}{section.8}% 89
\BOOKMARK [1][-]{section.9}{\376\377\000N\000e\000t\000w\000o\000r\000k\000\040\000a\000n\000d\000\040\000T\000r\000e\000e\000\040\000V\000i\000s\000u\000a\000l\000i\000z\000a\000t\000i\000o\000n}{}% 90
\BOOKMARK [2][-]{subsection.9.1}{\376\377\000G\000r\000a\000p\000h\000\040\000b\000a\000s\000i\000c\000s}{section.9}% 91
\BOOKMARK [2][-]{subsection.9.2}{\376\377\000N\000o\000d\000e\000-\000l\000i\000n\000k\000\040\000v\000s\000.\000\040\000a\000d\000j\000a\000c\000e\000n\000c\000y\000\040\000m\000a\000t\000r\000i\000x\000\040\000\050\000m\000a\000p\000p\000i\000n\000g\000\040\000\046\000\040\000a\000l\000t\000e\000r\000n\000a\000t\000i\000v\000e\000s\000\051}{section.9}% 92
\BOOKMARK [2][-]{subsection.9.3}{\376\377\000A\000e\000s\000t\000h\000e\000t\000i\000c\000\040\000c\000r\000i\000t\000e\000r\000i\000a\000\040\000f\000o\000r\000\040\000g\000r\000a\000p\000h\000\040\000d\000r\000a\000w\000i\000n\000g\000\040\000\050\000t\000h\000e\000\040\000`\000`\000L\000i\000s\000t\000'\000'\000\040\000t\000o\000p\000i\000c\000\051}{section.9}% 93
\BOOKMARK [2][-]{subsection.9.4}{\376\377\000L\000a\000y\000o\000u\000t\000\040\000a\000l\000g\000o\000r\000i\000t\000h\000m\000:\000\040\000F\000o\000r\000c\000e\000-\000d\000i\000r\000e\000c\000t\000e\000d\000\040\000/\000\040\000s\000p\000r\000i\000n\000g\000\040\000e\000m\000b\000e\000d\000d\000e\000r}{section.9}% 94
\BOOKMARK [2][-]{subsection.9.5}{\376\377\000L\000a\000y\000o\000u\000t\000\040\000a\000l\000g\000o\000r\000i\000t\000h\000m\000:\000\040\000L\000a\000y\000e\000r\000e\000d\000\040\000/\000\040\000S\000u\000g\000i\000y\000a\000m\000a\000\040\000\050\000h\000i\000e\000r\000a\000r\000c\000h\000i\000e\000s\000,\000\040\000f\000l\000o\000w\000\051}{section.9}% 95
\BOOKMARK [2][-]{subsection.9.6}{\376\377\000D\000y\000n\000a\000m\000i\000c\000\040\000g\000r\000a\000p\000h\000s\000\040\000a\000n\000d\000\040\000t\000h\000e\000\040\000m\000e\000n\000t\000a\000l\000\040\000m\000a\000p}{section.9}% 96
\BOOKMARK [2][-]{subsection.9.7}{\376\377\000T\000r\000e\000e\000\040\000l\000a\000y\000o\000u\000t\000s}{section.9}% 97
\BOOKMARK [2][-]{subsection.9.8}{\376\377\000B\000i\000o\000l\000o\000g\000i\000c\000a\000l\000\040\000n\000e\000t\000w\000o\000r\000k\000s\000\040\000\050\000K\000e\000r\000r\000e\000n\000\051}{section.9}% 98
\BOOKMARK [2][-]{subsection.9.9}{\376\377\000E\000x\000a\000m\000\040\000b\000o\000x\000e\000s}{section.9}% 99
\BOOKMARK [1][-]{section.10}{\376\377\000C\000o\000m\000p\000l\000e\000x\000\040\000D\000a\000t\000a\000:\000\040\000S\000e\000t\000s\000,\000\040\000C\000u\000r\000v\000e\000s\000,\000\040\000a\000n\000d\000\040\000E\000n\000s\000e\000m\000b\000l\000e\000s}{}% 100
\BOOKMARK [2][-]{subsection.10.1}{\376\377\000S\000e\000t\000-\000T\000y\000p\000e\000d\000\040\000D\000a\000t\000a}{section.10}% 101
\BOOKMARK [3][-]{subsubsection.10.1.1}{\376\377\000T\000e\000c\000h\000n\000i\000q\000u\000e\000s\000\040\000\050\000S\000e\000t\000s\000-\000S\000T\000A\000R\000\040\000c\000a\000t\000e\000g\000o\000r\000i\000e\000s\000\051}{subsection.10.1}% 102
\BOOKMARK [3][-]{subsubsection.10.1.2}{\376\377\000C\000o\000m\000p\000a\000r\000i\000s\000o\000n\000\040\000o\000f\000\040\000s\000e\000t\000-\000v\000i\000s\000u\000a\000l\000i\000s\000a\000t\000i\000o\000n\000\040\000c\000a\000t\000e\000g\000o\000r\000i\000e\000s}{subsection.10.1}% 103
\BOOKMARK [2][-]{subsection.10.2}{\376\377\000F\000a\000m\000i\000l\000i\000e\000s\000\040\000o\000f\000\040\000C\000u\000r\000v\000e\000s\000\040\000/\000\040\000F\000u\000n\000c\000t\000i\000o\000n\000\040\000G\000r\000a\000p\000h\000s}{section.10}% 104
\BOOKMARK [2][-]{subsection.10.3}{\376\377\000S\000i\000m\000u\000l\000a\000t\000i\000o\000n\000\040\000E\000n\000s\000e\000m\000b\000l\000e\000s}{section.10}% 105
\BOOKMARK [2][-]{subsection.10.4}{\376\377\000E\000x\000a\000m\000\040\000A\000n\000g\000l\000e}{section.10}% 106
\BOOKMARK [1][-]{section.11}{\376\377\000V\000i\000s\000u\000a\000l\000i\000z\000a\000t\000i\000o\000n\000\040\000f\000o\000r\000\040\000M\000a\000c\000h\000i\000n\000e\000\040\000L\000e\000a\000r\000n\000i\000n\000g\000\040\000\050\000V\000I\000S\0004\000M\000L\000\051\000\040\000\046\000\040\000E\000x\000p\000l\000a\000i\000n\000a\000b\000l\000e\000\040\000A\000I}{}% 107
\BOOKMARK [2][-]{subsection.11.1}{\376\377\000W\000h\000y\000\040\000V\000I\000S\0004\000M\000L\000:\000\040\000v\000i\000s\000u\000a\000l\000i\000z\000a\000t\000i\000o\000n\000\040\000i\000n\000\040\000t\000h\000e\000\040\000M\000L\000\040\000p\000i\000p\000e\000l\000i\000n\000e}{section.11}% 108
\BOOKMARK [2][-]{subsection.11.2}{\376\377\000C\000o\000n\000f\000u\000s\000i\000o\000n\000\040\000m\000a\000t\000r\000i\000x\000\040\040\023\000\040\000`\000`\000I\000F\000\040\000t\000h\000e\000\040\000m\000o\000d\000e\000l\000\040\000l\000e\000a\000r\000n\000e\000d\000\040\000c\000o\000r\000r\000e\000c\000t\000l\000y\000'\000'}{section.11}% 109
\BOOKMARK [2][-]{subsection.11.3}{\376\377\000F\000e\000a\000t\000u\000r\000e\000\040\000v\000e\000c\000t\000o\000r\000s\000\040\000f\000r\000o\000m\000\040\000n\000e\000u\000r\000o\000n\000\040\000a\000c\000t\000i\000v\000a\000t\000i\000o\000n\000s\000\040\000\050\000R\000a\000u\000b\000e\000r\000\040\000e\000t\000\040\000a\000l\000.\000\051}{section.11}% 110
\BOOKMARK [2][-]{subsection.11.4}{\376\377\000I\000n\000t\000e\000r\000p\000r\000e\000t\000a\000b\000i\000l\000i\000t\000y\000\040\000t\000a\000x\000o\000n\000o\000m\000y\000\040\000\050\000X\000A\000I\000\051}{section.11}% 111
\BOOKMARK [2][-]{subsection.11.5}{\376\377\000M\000o\000d\000e\000l\000-\000a\000g\000n\000o\000s\000t\000i\000c\000\040\000m\000e\000t\000h\000o\000d\000s}{section.11}% 112
\BOOKMARK [2][-]{subsection.11.6}{\376\377\000S\000u\000r\000r\000o\000g\000a\000t\000e\000\040\000m\000o\000d\000e\000l\000s}{section.11}% 113
\BOOKMARK [1][-]{section.12}{\376\377\000E\000v\000a\000l\000u\000a\000t\000i\000o\000n\000\040\000a\000n\000d\000\040\000V\000a\000l\000i\000d\000a\000t\000i\000o\000n}{}% 114
\BOOKMARK [2][-]{subsection.12.1}{\376\377\000M\000u\000n\000z\000n\000e\000r\000'\000s\000\040\000N\000e\000s\000t\000e\000d\000\040\000M\000o\000d\000e\000l\000:\000\040\000F\000o\000u\000r\000\040\000L\000e\000v\000e\000l\000s}{section.12}% 115
\BOOKMARK [3][-]{subsubsection.12.1.1}{\376\377\000T\000h\000r\000e\000a\000t\000s\000\040\000a\000n\000d\000\040\000V\000a\000l\000i\000d\000a\000t\000i\000o\000n\000\040\000p\000e\000r\000\040\000L\000e\000v\000e\000l}{subsection.12.1}% 116
\BOOKMARK [2][-]{subsection.12.2}{\376\377\000T\000y\000p\000e\000s\000\040\000o\000f\000\040\000E\000v\000a\000l\000u\000a\000t\000i\000o\000n}{section.12}% 117
\BOOKMARK [2][-]{subsection.12.3}{\376\377\000C\000o\000n\000t\000r\000o\000l\000l\000e\000d\000\040\000E\000x\000p\000e\000r\000i\000m\000e\000n\000t\000\040\000D\000e\000s\000i\000g\000n}{section.12}% 118
\BOOKMARK [3][-]{subsubsection.12.3.1}{\376\377\000E\000x\000p\000e\000r\000i\000m\000e\000n\000t\000a\000l\000\040\000D\000e\000s\000i\000g\000n\000\040\000a\000n\000d\000\040\000S\000t\000a\000t\000i\000s\000t\000i\000c\000s}{subsection.12.3}% 119
\BOOKMARK [2][-]{subsection.12.4}{\376\377\000W\000o\000r\000k\000e\000d\000\040\000E\000x\000a\000m\000p\000l\000e\000:\000\040\000E\000n\000c\000o\000d\000i\000n\000g\000\040\000C\000l\000a\000s\000s\000e\000s\000\040\000i\000n\000\040\000S\000t\000a\000t\000i\000c\000\040\000S\000c\000a\000t\000t\000e\000r\000p\000l\000o\000t\000s}{section.12}% 120
\BOOKMARK [2][-]{subsection.12.5}{\376\377\000E\000f\000f\000e\000c\000t\000i\000v\000e\000n\000e\000s\000s\000:\000\040\000W\000h\000y\000\040\000W\000e\000\040\000V\000i\000s\000u\000a\000l\000i\000z\000e\000\040\000D\000e\000f\000i\000n\000e\000s\000\040\000t\000h\000e\000\040\000D\000V}{section.12}% 121
\BOOKMARK [1][-]{section.13}{\376\377\000E\000x\000a\000m\000\040\000Q\000u\000e\000s\000t\000i\000o\000n\000-\000T\000y\000p\000e\000\040\000P\000l\000a\000y\000b\000o\000o\000k}{}% 122
\BOOKMARK [2][-]{subsection.13.1}{\376\377\000T\000y\000p\000e\000\040\0001\000\040\040\023\000\040\000V\000i\000s\000u\000a\000l\000i\000z\000a\000t\000i\000o\000n\000\040\000L\000i\000t\000e\000r\000a\000c\000y\000\040\000\050\000r\000e\000a\000d\000\040\000a\000\040\000c\000h\000a\000r\000t\000\051}{section.13}% 123
\BOOKMARK [2][-]{subsection.13.2}{\376\377\000T\000y\000p\000e\000\040\0002\000\040\040\023\000\040\000V\000i\000s\000u\000a\000l\000i\000z\000a\000t\000i\000o\000n\000\040\000A\000l\000g\000o\000r\000i\000t\000h\000m\000s\000\040\000\050\000d\000e\000s\000c\000r\000i\000b\000e\000\040\000/\000\040\000s\000k\000e\000t\000c\000h\000\040\000/\000\040\000M\000C\000Q\000\051}{section.13}% 124
\BOOKMARK [2][-]{subsection.13.3}{\376\377\000T\000y\000p\000e\000\040\0003\000\040\040\023\000\040\000V\000i\000s\000u\000a\000l\000i\000z\000a\000t\000i\000o\000n\000\040\000S\000t\000r\000a\000t\000e\000g\000y\000\040\000\050\000d\000a\000t\000a\000\040\000+\000\040\000t\000a\000s\000k\000\040\000\040\000d\000e\000s\000i\000g\000n\000\051}{section.13}% 125
\BOOKMARK [2][-]{subsection.13.4}{\376\377\000T\000y\000p\000e\000\040\0004\000\040\040\023\000\040\000D\000e\000s\000i\000g\000n\000\040\000\046\000\040\000V\000a\000l\000i\000d\000a\000t\000i\000o\000n\000\040\000S\000t\000r\000a\000t\000e\000g\000y\000\040\000\050\000u\000s\000e\000r\000\040\000s\000t\000u\000d\000y\000\051}{section.13}% 126
\BOOKMARK [2][-]{subsection.13.5}{\376\377\000T\000y\000p\000e\000\040\0005\000\040\040\023\000\040\000C\000r\000i\000t\000i\000q\000u\000e\000\040\000\046\000\040\000S\000u\000g\000g\000e\000s\000t\000i\000o\000n\000s}{section.13}% 127
\BOOKMARK [2][-]{subsection.13.6}{\376\377\000T\000y\000p\000e\000\040\0006\000\040\040\023\000\040\000A\000l\000t\000e\000r\000n\000a\000t\000i\000v\000e\000s\000\040\000\050\000c\000o\000m\000p\000a\000r\000e\000\040\000t\000w\000o\000\040\000v\000i\000e\000w\000s\000\051}{section.13}% 128
\BOOKMARK [2][-]{subsection.13.7}{\376\377\000T\000y\000p\000e\000\040\0007\000\040\040\023\000\040\000T\000r\000a\000n\000s\000f\000e\000r\000\040\000/\000\040\000S\000k\000e\000t\000c\000h}{section.13}% 129
\BOOKMARK [2][-]{subsection.13.8}{\376\377\000T\000y\000p\000e\000\040\0008\000\040\040\023\000\040\000M\000a\000p\000p\000i\000n\000g\000\040\000D\000a\000t\000a\000\040\000I\000t\000e\000m\000s\000\040\000B\000e\000t\000w\000e\000e\000n\000\040\000V\000i\000e\000w\000s}{section.13}% 130
\BOOKMARK [2][-]{subsection.13.9}{\376\377\000T\000y\000p\000e\000\040\0009\000\040\040\023\000\040\000L\000i\000s\000t\000\040\000/\000\040\000E\000n\000u\000m\000e\000r\000a\000t\000e}{section.13}% 131
\BOOKMARK [1][-]{section.14}{\376\377\000A\000l\000g\000o\000r\000i\000t\000h\000m\000\040\000C\000h\000e\000a\000t\000-\000S\000h\000e\000e\000t}{}% 132
\BOOKMARK [1][-]{section.15}{\376\377\000L\000i\000s\000t\000-\000Q\000u\000e\000s\000t\000i\000o\000n\000\040\000Q\000u\000i\000c\000k\000\040\000R\000e\000f\000e\000r\000e\000n\000c\000e}{}% 133
\BOOKMARK [2][-]{subsection.15.1}{\376\377\000R\000a\000w\000-\000d\000a\000t\000a\000\040\000i\000s\000s\000u\000e\000s\000\040\000i\000n\000\040\000d\000a\000t\000a\000\040\000t\000a\000b\000l\000e\000s}{section.15}% 134
\BOOKMARK [2][-]{subsection.15.2}{\376\377\000F\000a\000c\000t\000o\000r\000s\000\040\000a\000f\000f\000e\000c\000t\000i\000n\000g\000\040\000s\000c\000a\000l\000a\000b\000i\000l\000i\000t\000y}{section.15}% 135
\BOOKMARK [2][-]{subsection.15.3}{\376\377\000S\000o\000u\000r\000c\000e\000s\000\040\000o\000f\000\040\000l\000a\000t\000e\000n\000c\000y}{section.15}% 136
\BOOKMARK [2][-]{subsection.15.4}{\376\377\000A\000e\000s\000t\000h\000e\000t\000i\000c\000\040\000c\000r\000i\000t\000e\000r\000i\000a\000\040\000f\000o\000r\000\040\000g\000r\000a\000p\000h\000\040\000d\000r\000a\000w\000i\000n\000g}{section.15}% 137
\BOOKMARK [2][-]{subsection.15.5}{\376\377\000O\000v\000e\000r\000p\000l\000o\000t\000t\000i\000n\000g\000\040\000f\000i\000x\000e\000s\000\040\000t\000h\000a\000t\000\040\000n\000e\000e\000d\000\040\000n\000o\000\040\000p\000r\000e\000p\000r\000o\000c\000e\000s\000s\000i\000n\000g}{section.15}% 138
\BOOKMARK [2][-]{subsection.15.6}{\376\377\000M\000o\000d\000e\000l\000-\000a\000g\000n\000o\000s\000t\000i\000c\000\040\000A\000I\000\040\000i\000n\000t\000e\000r\000p\000r\000e\000t\000a\000b\000i\000l\000i\000t\000y\000\040\000m\000e\000t\000h\000o\000d\000s}{section.15}% 139
\BOOKMARK [2][-]{subsection.15.7}{\376\377\000T\000e\000c\000h\000n\000i\000q\000u\000e\000s\000\040\000t\000o\000\040\000v\000i\000s\000u\000a\000l\000i\000z\000e\000\040\000s\000e\000t\000-\000t\000y\000p\000e\000d\000\040\000d\000a\000t\000a}{section.15}% 140
\BOOKMARK [2][-]{subsection.15.8}{\376\377\000M\000e\000t\000h\000o\000d\000s\000\040\000f\000o\000r\000\040\000v\000a\000l\000i\000d\000a\000t\000i\000o\000n\000\040\000o\000f\000\040\000v\000i\000s\000u\000a\000l\000\040\000e\000n\000c\000o\000d\000i\000n\000g\000\040\000a\000n\000d\000/\000o\000r\000\040\000i\000n\000t\000e\000r\000a\000c\000t\000i\000o\000n\000\040\000d\000e\000s\000i\000g\000n}{section.15}% 141
\BOOKMARK [2][-]{subsection.15.9}{\376\377\000T\000y\000p\000i\000c\000a\000l\000\040\000d\000e\000p\000e\000n\000d\000e\000n\000t\000\040\000v\000a\000r\000i\000a\000b\000l\000e\000s\000\040\000i\000n\000\040\000u\000s\000e\000r\000\040\000s\000t\000u\000d\000i\000e\000s}{section.15}% 142
\BOOKMARK [1][-]{section.16}{\376\377\000P\000r\000a\000c\000t\000i\000c\000e\000\040\000Q\000u\000e\000s\000t\000i\000o\000n\000s\000\040\000w\000i\000t\000h\000\040\000M\000o\000d\000e\000l\000\040\000A\000n\000s\000w\000e\000r\000s}{}% 143
\BOOKMARK [1][-]{appendix.A}{\376\377\000A\000p\000p\000e\000n\000d\000i\000x\000:\000\040\0002\0000\0002\0003\000\040\000E\000x\000a\000m\000\040\000B\000r\000i\000d\000g\000e}{}% 144
\BOOKMARK [2][-]{subsection.A.1}{\376\377\000P\000a\000r\000t\000\040\000A\000\040\040\024\000\040\000P\000r\000a\000c\000t\000i\000c\000e\000\040\000o\000n\000\040\000s\000h\000a\000r\000e\000d\000\040\000f\000u\000n\000d\000a\000m\000e\000n\000t\000a\000l\000s}{appendix.A}% 145
\BOOKMARK [2][-]{subsection.A.2}{\376\377\000P\000a\000r\000t\000\040\000B\000\040\040\024\000\040\000T\000o\000p\000i\000c\000s\000\040\000i\000n\000\040\0002\0000\0002\0003\000\040\000b\000u\000t\000\040\000n\000o\000t\000\040\000i\000n\000\040\000t\000h\000e\000\040\000m\000a\000i\000n\000\040\000g\000u\000i\000d\000e}{appendix.A}% 146
\BOOKMARK [3][-]{subsubsection.A.2.1}{\376\377\000T\000i\000m\000e\000-\000o\000r\000i\000e\000n\000t\000e\000d\000\040\000d\000a\000t\000a\000\040\000\050\000A\000i\000g\000n\000e\000r\000\040\000e\000t\000\040\000a\000l\000.\000\051}{subsection.A.2}% 147
\BOOKMARK [3][-]{subsubsection.A.2.2}{\376\377\000G\000e\000o\000s\000p\000a\000t\000i\000a\000l\000\040\000d\000a\000t\000a\000\040\000\046\000\040\000m\000a\000p\000s}{subsection.A.2}% 148
\BOOKMARK [3][-]{subsubsection.A.2.3}{\376\377\000T\000e\000x\000t\000\040\000v\000i\000s\000u\000a\000l\000i\000z\000a\000t\000i\000o\000n}{subsection.A.2}% 149
\BOOKMARK [3][-]{subsubsection.A.2.4}{\376\377\000L\000e\000g\000a\000c\000y\000\040\000m\000u\000l\000t\000i\000v\000a\000r\000i\000a\000t\000e\000\040\000/\000\040\000g\000l\000y\000p\000h\000\040\000t\000e\000c\000h\000n\000i\000q\000u\000e\000s}{subsection.A.2}% 150
\BOOKMARK [3][-]{subsubsection.A.2.5}{\376\377\000V\000i\000s\000u\000a\000l\000\040\000A\000n\000a\000l\000y\000t\000i\000c\000s\000\040\000p\000r\000o\000c\000e\000s\000s\000\040\000\046\000\040\000d\000e\000s\000i\000g\000n\000\040\000m\000e\000t\000h\000o\000d\000o\000l\000o\000g\000y}{subsection.A.2}% 151
